<?xml version="1.0" encoding="UTF-8"?>
<testng-results skipped="0" failed="0" total="1" passed="1">
  <reporter-output>
  </reporter-output>
  <suite name="Default suite" duration-ms="25" started-at="2018-08-02T07:03:11Z" finished-at="2018-08-02T07:03:11Z">
    <groups>
    </groups>
    <test name="Default test" duration-ms="25" started-at="2018-08-02T07:03:11Z" finished-at="2018-08-02T07:03:11Z">
      <class name="test.Newclass">
        <test-method status="PASS" signature="test1()[pri:0, instance:test.Newclass@36d4b5c]" name="test1" duration-ms="11" started-at="2018-08-02T12:33:11Z" finished-at="2018-08-02T12:33:11Z">
          <reporter-output>
          </reporter-output>
        </test-method> <!-- test1 -->
      </class> <!-- test.Newclass -->
    </test> <!-- Default test -->
  </suite> <!-- Default suite -->
</testng-results>
